xrun(64): 23.09-s003: (c) Copyright 1995-2023 Cadence Design Systems, Inc.
TOOL:	xrun(64)	23.09-s003: Started on Feb 07, 2024 at 23:22:18 -03
xrun
	-incdir Filtro/rtl
	Filtro/rtl/cic_filter.sv
	Filtro/tb/cic_filter_tb.sv
	-gui
	-access +rw
	-input waves.tcl
file: Filtro/rtl/cic_filter.sv
	module worklib.cic_filter:sv
		errors: 0, warnings: 0
file: Filtro/tb/cic_filter_tb.sv
	module worklib.cic_filter_tb:sv
		errors: 0, warnings: 0
xmvlog: *W,SPDUSD: Include directory Filtro/rtl given but not used.
	Total errors/warnings found outside modules and primitives:
		errors: 0, warnings: 1
		Caching library 'worklib' ....... Done
	Elaborating the design hierarchy:
	Top level design units:
		cic_filter_tb
	Building instance overlay tables: .................... Done
	Generating native compiled code:
		worklib.cic_filter:sv <0x20868e2b>
			streams:   8, words:  4133
		worklib.cic_filter_tb:sv <0x469d410f>
			streams:   6, words:  7702
	Building instance specific data structures.
	Loading native compiled code:     .................... Done
	Design hierarchy summary:
		              Instances  Unique
		Modules:              2       2
		Registers:           10      10
		Scalar wires:         2       -
		Vectored wires:       3       -
		Always blocks:        4       4
		Initial blocks:       1       1
		Pseudo assignments:   4       -
		Process Clocks:       2       2
	Writing initial simulation snapshot: worklib.cic_filter_tb:sv
xmsim: *W,NOMTDGUI: Multi-Threaded Dumping is disabled for interactive debug mode.
SVSEED default: 1

-------------------------------------
Relinquished control to SimVision...
xcelium> 
xcelium> source /Tools/cadence/XCELIUM2309/tools/xcelium/files/xmsimrc
xcelium> base -open waves -into waves.shm -default
xmsim: *E,TCLERR: invalid command name "base".
xcelium> probe -create -shm dut.* -waveform
xmsim: *SE,DBOBBD: Cannot create SHM probe for cic_filter_tb.dut.DATA_WIDTH.
xmsim: *SE,DBOBBD: Cannot create SHM probe for cic_filter_tb.dut.DECIMATION_FACTOR.
Created default SHM database xcelium.shm
Created probe 1
xcelium> reset
SVSEED default: 1
Loaded snapshot worklib.cic_filter_tb:sv
xcelium> run
Simulation complete via $finish(1) at time 1430 NS + 0
./Filtro/tb/cic_filter_tb.sv:64         $finish;
xcelium> ^C
xcelium> exit
...Regained control from SimVision
-------------------------------------
TOOL:	xrun(64)	23.09-s003: Exiting on Feb 07, 2024 at 23:30:18 -03  (total: 00:08:00)
